<?xml version="1.0" encoding="UTF-8"?>
<!-- Generated by org.testng.reporters.JUnitReportReporter -->
<testsuite hostname="Sandeep" failures="0" tests="6" name="package2TestNg.III_HomePage" time="38.359" errors="0" timestamp="2024-09-06T17:16:38 IST" skipped="0">
  <testcase classname="package2TestNg.III_HomePage" name="webPageTitle" time="5.877"/>
  <system-out>
    <![CDATA[Web Page Title: Swag Labs]]>
  </system-out>
  <testcase classname="package2TestNg.III_HomePage" name="logoDisplay" time="6.673"/>
  <system-out>
    <![CDATA[Web Page Logo Displayed: ]]>
  </system-out>
  <testcase classname="package2TestNg.III_HomePage" name="usernameTextfield" time="6.477"/>
  <system-out>
    <![CDATA[username textfield is displayed]]>
  </system-out>
  <testcase classname="package2TestNg.III_HomePage" name="passwordTextfield" time="6.313"/>
  <system-out>
    <![CDATA[password textfield is displayed]]>
  </system-out>
  <testcase classname="package2TestNg.III_HomePage" name="loginButton" time="6.655"/>
  <system-out>
    <![CDATA[login button is enabled]]>
  </system-out>
  <testcase classname="package2TestNg.III_HomePage" name="allValidUsernames" time="6.364"/>
  <system-out>
    <![CDATA[Accepted usernames are:
standard_user
locked_out_user
problem_user
performance_glitch_user
error_user
visual_user
Password for all users:
secret_sauce]]>
  </system-out>
</testsuite> <!-- package2TestNg.III_HomePage -->
